<?xml version="1.0" encoding="UTF-8"?>
<testsuite name="MyFirstTest" tests="1" skipped="0" failures="0" errors="0" timestamp="2021-11-18T14:13:54" hostname="n-msk-macchs6" time="0.051">
  <properties/>
  <testcase name="firstTest" classname="MyFirstTest" time="0.051"/>
  <system-out><![CDATA[Hi there]]></system-out>
  <system-err><![CDATA[]]></system-err>
</testsuite>
